[01m[K/home/oisin/ros2_ws/assign1_ws/src/light_tracking/src/object_position.cpp:[m[K In member function â€˜[01m[Kvoid ObjectPositionNode::[01;32m[KcallbackObjPos[m[K(sensor_msgs::msg::Image_<std::allocator<void> >::SharedPtr)[m[Kâ€™:
[01m[K/home/oisin/ros2_ws/assign1_ws/src/light_tracking/src/object_position.cpp:62:16:[m[K [01;31m[Kerror: [m[Kâ€˜[01m[KhasNoneZero[m[Kâ€™ is not a member of â€˜[01m[Kcv[m[Kâ€™
   62 |         if(cv::[01;31m[KhasNoneZero[m[K(threshed))
      |                [01;31m[K^~~~~~~~~~~[m[K
gmake[2]: *** [CMakeFiles/position.dir/build.make:76: CMakeFiles/position.dir/src/object_position.cpp.o] Error 1
gmake[1]: *** [CMakeFiles/Makefile2:165: CMakeFiles/position.dir/all] Error 2
gmake: *** [Makefile:146: all] Error 2
