[0.035s] Invoking command in '/home/oisin/ros2_ws/assign1_ws/build/light_tracking': AMENT_PREFIX_PATH=/home/oisin/ros2_ws/assign1_ws/install/assign1_interfaces:${AMENT_PREFIX_PATH} CMAKE_PREFIX_PATH=/home/oisin/ros2_ws/assign1_ws/install/assign1_interfaces:/opt/ros/jazzy/opt/sdformat_vendor:/opt/ros/jazzy/opt/gz_math_vendor:/opt/ros/jazzy/opt/gz_utils_vendor:/opt/ros/jazzy/opt/gz_tools_vendor:/opt/ros/jazzy/opt/gz_cmake_vendor:/opt/ros/jazzy DEBUGINFOD_URLS=https://debuginfod.ubuntu.com LD_LIBRARY_PATH=/home/oisin/ros2_ws/assign1_ws/install/assign1_interfaces/lib:${LD_LIBRARY_PATH} PYTHONPATH=/home/oisin/ros2_ws/assign1_ws/install/assign1_interfaces/lib/python3.12/site-packages:${PYTHONPATH} /usr/bin/cmake --build /home/oisin/ros2_ws/assign1_ws/build/light_tracking -- -j16 -l16
[0.194s] [ 50%] [32mBuilding CXX object CMakeFiles/position.dir/src/object_position.cpp.o[0m
[0.194s] [ 75%] Built target detector
[5.784s] [01m[K/home/oisin/ros2_ws/assign1_ws/src/light_tracking/src/object_position.cpp:[m[K In member function â€˜[01m[Kvoid ObjectPositionNode::[01;32m[KcallbackObjPos[m[K(sensor_msgs::msg::Image_<std::allocator<void> >::SharedPtr)[m[Kâ€™:
[5.785s] [01m[K/home/oisin/ros2_ws/assign1_ws/src/light_tracking/src/object_position.cpp:62:16:[m[K [01;31m[Kerror: [m[Kâ€˜[01m[KhasNoneZero[m[Kâ€™ is not a member of â€˜[01m[Kcv[m[Kâ€™
[5.785s]    62 |         if(cv::[01;31m[KhasNoneZero[m[K(threshed))
[5.785s]       |                [01;31m[K^~~~~~~~~~~[m[K
[9.176s] gmake[2]: *** [CMakeFiles/position.dir/build.make:76: CMakeFiles/position.dir/src/object_position.cpp.o] Error 1
[9.177s] gmake[1]: *** [CMakeFiles/Makefile2:165: CMakeFiles/position.dir/all] Error 2
[9.177s] gmake: *** [Makefile:146: all] Error 2
[9.180s] Invoked command in '/home/oisin/ros2_ws/assign1_ws/build/light_tracking' returned '2': AMENT_PREFIX_PATH=/home/oisin/ros2_ws/assign1_ws/install/assign1_interfaces:${AMENT_PREFIX_PATH} CMAKE_PREFIX_PATH=/home/oisin/ros2_ws/assign1_ws/install/assign1_interfaces:/opt/ros/jazzy/opt/sdformat_vendor:/opt/ros/jazzy/opt/gz_math_vendor:/opt/ros/jazzy/opt/gz_utils_vendor:/opt/ros/jazzy/opt/gz_tools_vendor:/opt/ros/jazzy/opt/gz_cmake_vendor:/opt/ros/jazzy DEBUGINFOD_URLS=https://debuginfod.ubuntu.com LD_LIBRARY_PATH=/home/oisin/ros2_ws/assign1_ws/install/assign1_interfaces/lib:${LD_LIBRARY_PATH} PYTHONPATH=/home/oisin/ros2_ws/assign1_ws/install/assign1_interfaces/lib/python3.12/site-packages:${PYTHONPATH} /usr/bin/cmake --build /home/oisin/ros2_ws/assign1_ws/build/light_tracking -- -j16 -l16
