[0.010s] Invoking command in '/home/oisin/ros2_ws/assign1/image_ws/build/image_cpp': CMAKE_PREFIX_PATH=${CMAKE_PREFIX_PATH}:/opt/ros/jazzy DEBUGINFOD_URLS=https://debuginfod.ubuntu.com /usr/bin/cmake --build /home/oisin/ros2_ws/assign1/image_ws/build/image_cpp -- -j16 -l16
[0.082s] [ 50%] [32mBuilding CXX object CMakeFiles/brightnessEx.dir/src/brightness.cpp.o[0m
[0.315s] [01m[K/home/oisin/ros2_ws/assign1/image_ws/src/image_cpp/src/brightness.cpp:2:10:[m[K [01;31m[Kfatal error: [m[Ksensor_msgs/msg/image.hpp: No such file or directory
[0.315s]     2 | #include [01;31m[K"sensor_msgs/msg/image.hpp"[m[K
[0.315s]       |          [01;31m[K^~~~~~~~~~~~~~~~~~~~~~~~~~~[m[K
[0.315s] compilation terminated.
[0.323s] gmake[2]: *** [CMakeFiles/brightnessEx.dir/build.make:76: CMakeFiles/brightnessEx.dir/src/brightness.cpp.o] Error 1
[0.324s] gmake[1]: *** [CMakeFiles/Makefile2:137: CMakeFiles/brightnessEx.dir/all] Error 2
[0.324s] gmake: *** [Makefile:146: all] Error 2
[0.327s] Invoked command in '/home/oisin/ros2_ws/assign1/image_ws/build/image_cpp' returned '2': CMAKE_PREFIX_PATH=${CMAKE_PREFIX_PATH}:/opt/ros/jazzy DEBUGINFOD_URLS=https://debuginfod.ubuntu.com /usr/bin/cmake --build /home/oisin/ros2_ws/assign1/image_ws/build/image_cpp -- -j16 -l16
